# JRE version: Java(TM) SE Runtime Environment (8.0_152-b16) (build 1.8.0_152-b16)
# Java VM: Java HotSpot(TM) 64-Bit Server VM (25.152-b16 mixed mode linux-amd64 compressed oops)
Heap:
 PSYoungGen      total 412160K, used 16297K [0x00000000d7100000, 0x00000000fe300000, 0x0000000100000000)
  eden space 404992K, 4% used [0x00000000d7100000,0x00000000d80d2478,0x00000000efc80000)
  from space 7168K, 1% used [0x00000000efc80000,0x00000000efc98000,0x00000000f0380000)
  to   space 7168K, 0% used [0x00000000fdc00000,0x00000000fdc00000,0x00000000fe300000)
 ParOldGen       total 59392K, used 9143K [0x0000000085200000, 0x0000000088c00000, 0x00000000d7100000)
  object space 59392K, 15% used [0x0000000085200000,0x0000000085aedfd8,0x0000000088c00000)
 Metaspace       used 23441K, capacity 24588K, committed 24832K, reserved 1071104K
  class space    used 3306K, capacity 3568K, committed 3584K, reserved 1048576K
GC Heap History (10 events):
Event: 29.132 GC heap before
{Heap before GC invocations=10 (full 1):
 PSYoungGen      total 184320K, used 179648K [0x00000000d7100000, 0x00000000e3a00000, 0x0000000100000000)
  eden space 177152K, 100% used [0x00000000d7100000,0x00000000e1e00000,0x00000000e1e00000)
  from space 7168K, 34% used [0x00000000e2500000,0x00000000e2770028,0x00000000e2c00000)
  to   space 7168K, 0% used [0x00000000e1e00000,0x00000000e1e00000,0x00000000e2500000)
 ParOldGen       total 59392K, used 6655K [0x0000000085200000, 0x0000000088c00000, 0x00000000d7100000)
  object space 59392K, 11% used [0x0000000085200000,0x000000008587fee8,0x0000000088c00000)
 Metaspace       used 23438K, capacity 24588K, committed 24832K, reserved 1071104K
  class space    used 3306K, capacity 3568K, committed 3584K, reserved 1048576K
Event: 29.141 GC heap after
Heap after GC invocations=10 (full 1):
 PSYoungGen      total 184320K, used 2496K [0x00000000d7100000, 0x00000000e8100000, 0x0000000100000000)
  eden space 177152K, 0% used [0x00000000d7100000,0x00000000d7100000,0x00000000e1e00000)
  from space 7168K, 34% used [0x00000000e1e00000,0x00000000e2070028,0x00000000e2500000)
  to   space 6656K, 0% used [0x00000000e7a80000,0x00000000e7a80000,0x00000000e8100000)
 ParOldGen       total 59392K, used 6655K [0x0000000085200000, 0x0000000088c00000, 0x00000000d7100000)
  object space 59392K, 11% used [0x0000000085200000,0x000000008587fee8,0x0000000088c00000)
 Metaspace       used 23438K, capacity 24588K, committed 24832K, reserved 1071104K
  class space    used 3306K, capacity 3568K, committed 3584K, reserved 1048576K
}
Event: 29.147 GC heap before
{Heap before GC invocations=11 (full 1):
 PSYoungGen      total 184320K, used 179648K [0x00000000d7100000, 0x00000000e8100000, 0x0000000100000000)
  eden space 177152K, 100% used [0x00000000d7100000,0x00000000e1e00000,0x00000000e1e00000)
  from space 7168K, 34% used [0x00000000e1e00000,0x00000000e2070028,0x00000000e2500000)
  to   space 6656K, 0% used [0x00000000e7a80000,0x00000000e7a80000,0x00000000e8100000)
 ParOldGen       total 59392K, used 6655K [0x0000000085200000, 0x0000000088c00000, 0x00000000d7100000)
  object space 59392K, 11% used [0x0000000085200000,0x000000008587fee8,0x0000000088c00000)
 Metaspace       used 23438K, capacity 24588K, committed 24832K, reserved 1071104K
  class space    used 3306K, capacity 3568K, committed 3584K, reserved 1048576K
Event: 29.155 GC heap after
Heap after GC invocations=11 (full 1):
 PSYoungGen      total 271360K, used 64K [0x00000000d7100000, 0x00000000e8a00000, 0x0000000100000000)
  eden space 264704K, 0% used [0x00000000d7100000,0x00000000d7100000,0x00000000e7380000)
  from space 6656K, 0% used [0x00000000e7a80000,0x00000000e7a90000,0x00000000e8100000)
  to   space 7168K, 0% used [0x00000000e7380000,0x00000000e7380000,0x00000000e7a80000)
 ParOldGen       total 59392K, used 9103K [0x0000000085200000, 0x0000000088c00000, 0x00000000d7100000)
  object space 59392K, 15% used [0x0000000085200000,0x0000000085ae3fd8,0x0000000088c00000)
 Metaspace       used 23438K, capacity 24588K, committed 24832K, reserved 1071104K
  class space    used 3306K, capacity 3568K, committed 3584K, reserved 1048576K
}
Event: 29.172 GC heap before
{Heap before GC invocations=12 (full 1):
 PSYoungGen      total 271360K, used 264768K [0x00000000d7100000, 0x00000000e8a00000, 0x0000000100000000)
  eden space 264704K, 100% used [0x00000000d7100000,0x00000000e7380000,0x00000000e7380000)
  from space 6656K, 0% used [0x00000000e7a80000,0x00000000e7a90000,0x00000000e8100000)
  to   space 7168K, 0% used [0x00000000e7380000,0x00000000e7380000,0x00000000e7a80000)
 ParOldGen       total 59392K, used 9103K [0x0000000085200000, 0x0000000088c00000, 0x00000000d7100000)
  object space 59392K, 15% used [0x0000000085200000,0x0000000085ae3fd8,0x0000000088c00000)
 Metaspace       used 23441K, capacity 24588K, committed 24832K, reserved 1071104K
  class space    used 3306K, capacity 3568K, committed 3584K, reserved 1048576K
Event: 29.173 GC heap after
Heap after GC invocations=12 (full 1):
 PSYoungGen      total 271872K, used 64K [0x00000000d7100000, 0x00000000f0a80000, 0x0000000100000000)
  eden space 264704K, 0% used [0x00000000d7100000,0x00000000d7100000,0x00000000e7380000)
  from space 7168K, 0% used [0x00000000e7380000,0x00000000e7390000,0x00000000e7a80000)
  to   space 7168K, 0% used [0x00000000f0380000,0x00000000f0380000,0x00000000f0a80000)
 ParOldGen       total 59392K, used 9127K [0x0000000085200000, 0x0000000088c00000, 0x00000000d7100000)
  object space 59392K, 15% used [0x0000000085200000,0x0000000085ae9fd8,0x0000000088c00000)
 Metaspace       used 23441K, capacity 24588K, committed 24832K, reserved 1071104K
  class space    used 3306K, capacity 3568K, committed 3584K, reserved 1048576K
}
Event: 29.176 GC heap before
{Heap before GC invocations=13 (full 1):
 PSYoungGen      total 271872K, used 264768K [0x00000000d7100000, 0x00000000f0a80000, 0x0000000100000000)
  eden space 264704K, 100% used [0x00000000d7100000,0x00000000e7380000,0x00000000e7380000)
  from space 7168K, 0% used [0x00000000e7380000,0x00000000e7390000,0x00000000e7a80000)
  to   space 7168K, 0% used [0x00000000f0380000,0x00000000f0380000,0x00000000f0a80000)
 ParOldGen       total 59392K, used 9127K [0x0000000085200000, 0x0000000088c00000, 0x00000000d7100000)
  object space 59392K, 15% used [0x0000000085200000,0x0000000085ae9fd8,0x0000000088c00000)
 Metaspace       used 23441K, capacity 24588K, committed 24832K, reserved 1071104K
  class space    used 3306K, capacity 3568K, committed 3584K, reserved 1048576K
Event: 29.181 GC heap after
Heap after GC invocations=13 (full 1):
 PSYoungGen      total 412160K, used 96K [0x00000000d7100000, 0x00000000f1100000, 0x0000000100000000)
  eden space 404992K, 0% used [0x00000000d7100000,0x00000000d7100000,0x00000000efc80000)
  from space 7168K, 1% used [0x00000000f0380000,0x00000000f0398000,0x00000000f0a80000)
  to   space 7168K, 0% used [0x00000000efc80000,0x00000000efc80000,0x00000000f0380000)
 ParOldGen       total 59392K, used 9135K [0x0000000085200000, 0x0000000088c00000, 0x00000000d7100000)
  object space 59392K, 15% used [0x0000000085200000,0x0000000085aebfd8,0x0000000088c00000)
 Metaspace       used 23441K, capacity 24588K, committed 24832K, reserved 1071104K
  class space    used 3306K, capacity 3568K, committed 3584K, reserved 1048576K
}
Event: 29.194 GC heap before
{Heap before GC invocations=14 (full 1):
 PSYoungGen      total 412160K, used 405088K [0x00000000d7100000, 0x00000000f1100000, 0x0000000100000000)
  eden space 404992K, 100% used [0x00000000d7100000,0x00000000efc80000,0x00000000efc80000)
  from space 7168K, 1% used [0x00000000f0380000,0x00000000f0398000,0x00000000f0a80000)
  to   space 7168K, 0% used [0x00000000efc80000,0x00000000efc80000,0x00000000f0380000)
 ParOldGen       total 59392K, used 9135K [0x0000000085200000, 0x0000000088c00000, 0x00000000d7100000)
  object space 59392K, 15% used [0x0000000085200000,0x0000000085aebfd8,0x0000000088c00000)
 Metaspace       used 23441K, capacity 24588K, committed 24832K, reserved 1071104K
  class space    used 3306K, capacity 3568K, committed 3584K, reserved 1048576K
Event: 29.196 GC heap after
Heap after GC invocations=14 (full 1):
 PSYoungGen      total 412160K, used 96K [0x00000000d7100000, 0x00000000fe300000, 0x0000000100000000)
  eden space 404992K, 0% used [0x00000000d7100000,0x00000000d7100000,0x00000000efc80000)
  from space 7168K, 1% used [0x00000000efc80000,0x00000000efc98000,0x00000000f0380000)
  to   space 7168K, 0% used [0x00000000fdc00000,0x00000000fdc00000,0x00000000fe300000)
 ParOldGen       total 59392K, used 9143K [0x0000000085200000, 0x0000000088c00000, 0x00000000d7100000)
  object space 59392K, 15% used [0x0000000085200000,0x0000000085aedfd8,0x0000000088c00000)
 Metaspace       used 23441K, capacity 24588K, committed 24832K, reserved 1071104K
  class space    used 3306K, capacity 3568K, committed 3584K, reserved 1048576K
}

